[2026-04-13 19:09:58] Artifact directory: /home/vegorov/Repos/bci-inefficiency-analysis/artifacts/03_deep_eegnet
[2026-04-13 19:09:58] Logging to: /home/vegorov/Repos/bci-inefficiency-analysis/artifacts/03_deep_eegnet/run.log
[2026-04-13 19:12:56] ============================================================
[2026-04-13 19:12:56] DATASET INFORMATION
[2026-04-13 19:12:56] ============================================================
[2026-04-13 19:12:56] Dataset name: BNCI2014_001
[2026-04-13 19:12:56] Number of requested subjects: 9
[2026-04-13 19:12:56] Subject IDs: [1, 2, 3, 4, 5, 6, 7, 8, 9]
[2026-04-13 19:12:56] Example recording description: {'subject': 1, 'session': '0train', 'run': '0'}
[2026-04-13 19:12:56] Applying preprocessing...
[2026-04-13 19:13:00] Creating windows (left/right only)...
[2026-04-13 19:13:00] Number of window datasets: 108
[2026-04-13 19:13:00] Total number of windows: 2592
[2026-04-13 19:13:00] ============================================================
[2026-04-13 19:13:00] CROSS-SUBJECT SETUP
[2026-04-13 19:13:00] ============================================================
[2026-04-13 19:13:00] Available subjects in windows: [1, 2, 3, 4, 5, 6, 7, 8, 9]
[2026-04-13 19:13:00] Subject 1: 288 windows
[2026-04-13 19:13:00] Subject 2: 288 windows
[2026-04-13 19:13:00] Subject 3: 288 windows
[2026-04-13 19:13:00] Subject 4: 288 windows
[2026-04-13 19:13:00] Subject 5: 288 windows
[2026-04-13 19:13:00] Subject 6: 288 windows
[2026-04-13 19:13:00] Subject 7: 288 windows
[2026-04-13 19:13:00] Subject 8: 288 windows
[2026-04-13 19:13:00] Subject 9: 288 windows

[2026-04-13 19:13:00] ============================================================
[2026-04-13 19:13:00] HELD-OUT SUBJECT: 1
[2026-04-13 19:13:00] ============================================================
[2026-04-13 19:15:51] Train samples: 2304
[2026-04-13 19:15:51] Test samples: 288
[2026-04-13 19:15:51] Fit time (sec): 170.80
[2026-04-13 19:15:51] Held-out accuracy: 0.7812

[2026-04-13 19:15:51] ============================================================
[2026-04-13 19:15:51] HELD-OUT SUBJECT: 2
[2026-04-13 19:15:51] ============================================================
[2026-04-13 19:18:45] Train samples: 2304
[2026-04-13 19:18:45] Test samples: 288
[2026-04-13 19:18:45] Fit time (sec): 174.23
[2026-04-13 19:18:45] Held-out accuracy: 0.6319

[2026-04-13 19:18:45] ============================================================
[2026-04-13 19:18:45] HELD-OUT SUBJECT: 3
[2026-04-13 19:18:45] ============================================================
[2026-04-13 19:21:39] Train samples: 2304
[2026-04-13 19:21:39] Test samples: 288
[2026-04-13 19:21:39] Fit time (sec): 174.28
[2026-04-13 19:21:39] Held-out accuracy: 0.8993

[2026-04-13 19:21:39] ============================================================
[2026-04-13 19:21:39] HELD-OUT SUBJECT: 4
[2026-04-13 19:21:39] ============================================================
[2026-04-13 19:24:34] Train samples: 2304
[2026-04-13 19:24:34] Test samples: 288
[2026-04-13 19:24:34] Fit time (sec): 174.70
[2026-04-13 19:24:34] Held-out accuracy: 0.5312

[2026-04-13 19:24:34] ============================================================
[2026-04-13 19:24:34] HELD-OUT SUBJECT: 5
[2026-04-13 19:24:34] ============================================================
[2026-04-13 19:27:30] Train samples: 2304
[2026-04-13 19:27:30] Test samples: 288
[2026-04-13 19:27:30] Fit time (sec): 175.36
[2026-04-13 19:27:30] Held-out accuracy: 0.6389

[2026-04-13 19:27:30] ============================================================
[2026-04-13 19:27:30] HELD-OUT SUBJECT: 6
[2026-04-13 19:27:30] ============================================================
[2026-04-13 19:30:24] Train samples: 2304
[2026-04-13 19:30:24] Test samples: 288
[2026-04-13 19:30:24] Fit time (sec): 173.67
[2026-04-13 19:30:24] Held-out accuracy: 0.6215

[2026-04-13 19:30:24] ============================================================
[2026-04-13 19:30:24] HELD-OUT SUBJECT: 7
[2026-04-13 19:30:24] ============================================================
[2026-04-13 19:33:16] Train samples: 2304
[2026-04-13 19:33:16] Test samples: 288
[2026-04-13 19:33:16] Fit time (sec): 172.77
[2026-04-13 19:33:16] Held-out accuracy: 0.5799

[2026-04-13 19:33:16] ============================================================
[2026-04-13 19:33:16] HELD-OUT SUBJECT: 8
[2026-04-13 19:33:16] ============================================================
[2026-04-13 19:36:12] Train samples: 2304
[2026-04-13 19:36:12] Test samples: 288
[2026-04-13 19:36:12] Fit time (sec): 175.19
[2026-04-13 19:36:12] Held-out accuracy: 0.8889

[2026-04-13 19:36:12] ============================================================
[2026-04-13 19:36:12] HELD-OUT SUBJECT: 9
[2026-04-13 19:36:12] ============================================================
[2026-04-13 19:39:06] Train samples: 2304
[2026-04-13 19:39:06] Test samples: 288
[2026-04-13 19:39:06] Fit time (sec): 174.18
[2026-04-13 19:39:06] Held-out accuracy: 0.7674

[2026-04-13 19:39:06] Benchmark run complete.
[2026-04-13 19:39:06] Results shape: (9, 7)
[2026-04-13 19:39:06] ============================================================
[2026-04-13 19:39:06] RESULTS HEAD
[2026-04-13 19:39:06] ============================================================
[2026-04-13 19:39:06]    subject     score  train_samples  test_samples  fit_time_sec pipeline       dataset
0        1  0.781250           2304           288    170.797279   EEGNet  BNCI2014_001
1        2  0.631944           2304           288    174.228528   EEGNet  BNCI2014_001
2        3  0.899306           2304           288    174.284706   EEGNet  BNCI2014_001
3        4  0.531250           2304           288    174.701704   EEGNet  BNCI2014_001
4        5  0.638889           2304           288    175.362631   EEGNet  BNCI2014_001

[2026-04-13 19:39:06] ============================================================
[2026-04-13 19:39:06] RESULTS SUMMARY
[2026-04-13 19:39:06] ============================================================
[2026-04-13 19:39:06] Mean score: 0.7045
[2026-04-13 19:39:06] Std score: 0.1341
[2026-04-13 19:39:06] Min score: 0.5312
[2026-04-13 19:39:06] Max score: 0.8993
[2026-04-13 19:39:06] ============================================================
[2026-04-13 19:39:06] PER-SUBJECT PERFORMANCE (sorted from worst to best)
[2026-04-13 19:39:06] ============================================================
[2026-04-13 19:39:06]  subject    score
       4 0.531250
       7 0.579861
       6 0.621528
       2 0.631944
       5 0.638889
       9 0.767361
       1 0.781250
       8 0.888889
       3 0.899306

[2026-04-13 19:39:06] Best performing subject: 3 (0.8993)
[2026-04-13 19:39:06] Worst performing subject: 4 (0.5312)

[2026-04-13 19:39:06] Bottom 3 subjects:
[2026-04-13 19:39:06]   Subject 4: 0.5312
[2026-04-13 19:39:06]   Subject 7: 0.5799
[2026-04-13 19:39:06]   Subject 6: 0.6215
[2026-04-13 19:39:06] Median score: 0.6389
[2026-04-13 19:39:06] Subjects below median: 4/9
[2026-04-13 19:39:06] Saved plot: /home/vegorov/Repos/bci-inefficiency-analysis/artifacts/03_deep_eegnet/per_subject_accuracy_bar.png
[2026-04-13 19:39:06] Saved plot: /home/vegorov/Repos/bci-inefficiency-analysis/artifacts/03_deep_eegnet/performance_distribution_boxplot.png
[2026-04-13 19:39:06] Saved table: /home/vegorov/Repos/bci-inefficiency-analysis/artifacts/03_deep_eegnet/results.csv
[2026-04-13 19:39:06] Saved table: /home/vegorov/Repos/bci-inefficiency-analysis/artifacts/03_deep_eegnet/per_subject_scores.csv
[2026-04-13 19:39:06] Saved table: /home/vegorov/Repos/bci-inefficiency-analysis/artifacts/03_deep_eegnet/summary_metrics.csv
[2026-04-13 19:39:06] Saved JSON: /home/vegorov/Repos/bci-inefficiency-analysis/artifacts/03_deep_eegnet/summary_metrics.json
[2026-04-13 19:39:06] All required artifacts were saved successfully.
[2026-04-13 19:42:14] ============================================================
[2026-04-13 19:42:14] CONFIGURATION
[2026-04-13 19:42:14] ============================================================
[2026-04-13 19:42:14] Dataset: BNCI2014_001
[2026-04-13 19:42:14] Subjects: [1, 2, 3, 4, 5, 6, 7, 8, 9]
[2026-04-13 19:42:14] Events: ['left_hand', 'right_hand']
[2026-04-13 19:42:14] Filter band: 8-32 Hz
[2026-04-13 19:42:14] Epochs: 1000, Batch size: 64
[2026-04-13 19:42:14] Learning rate: 0.001, Weight decay: 0.0
[2026-04-13 19:42:14] Early stopping patience: 50
[2026-04-13 19:42:14] Device: cpu
