[2026-04-13 13:40:26] Logging to: /Users/vadim/Documents/School/Spring 2026/CSCE A662 Advanced Data Mining/Assignments/Assignment 2/bci-inefficiency-analysis/artifacts/02_baseline_csp_lda/run.log
[2026-04-13 13:40:26] Dataset and paradigm initialized.
[2026-04-13 13:40:26] Dataset: BNCI2014_001
[2026-04-13 13:40:26] Paradigm: LeftRightImagery
[2026-04-13 13:40:26] ============================================================
[2026-04-13 13:40:26] DATASET INFORMATION
[2026-04-13 13:40:26] ============================================================
[2026-04-13 13:40:26] Number of subjects: 9
[2026-04-13 13:40:26] Subject IDs: [1, 2, 3, 4, 5, 6, 7, 8, 9]
[2026-04-13 13:40:26] Number of sessions: 2
[2026-04-13 13:40:26] Event IDs (all classes): {'left_hand': 1, 'right_hand': 2, 'feet': 3, 'tongue': 4}

[2026-04-13 13:40:26] ============================================================
[2026-04-13 13:40:26] PARADIGM INFORMATION
[2026-04-13 13:40:26] ============================================================
[2026-04-13 13:40:26] Frequency filters: [[8, 32]]
[2026-04-13 13:40:26] Paradigm events (left/right only): ['left_hand', 'right_hand']
[2026-04-13 13:40:26] Baseline pipeline created:
[2026-04-13 13:40:26] Pipeline(steps=[('csp', CSP(log=True, n_components=8)),
                ('lineardiscriminantanalysis',
                 LinearDiscriminantAnalysis(shrinkage='auto', solver='lsqr'))])
[2026-04-13 13:40:26] Cross-subject evaluation configured.
[2026-04-13 13:40:26] Running cross-subject evaluation...

[2026-04-13 13:40:27] Evaluation complete!
[2026-04-13 13:40:27] Results shape: (18, 9)

[2026-04-13 13:40:27] ============================================================
[2026-04-13 13:40:27] Results:
[2026-04-13 13:40:27] ============================================================
[2026-04-13 13:40:27]        score      time  samples subject session  channels  n_sessions       dataset pipeline
0   0.910494  2.354805   2304.0       1  0train        22           2  BNCI2014-001  CSP+LDA
1   0.936535  2.354805   2304.0       1   1test        22           2  BNCI2014-001  CSP+LDA
2   0.570602  2.049957   2304.0       2  0train        22           2  BNCI2014-001  CSP+LDA
3   0.557870  2.049957   2304.0       2   1test        22           2  BNCI2014-001  CSP+LDA
4   0.983410  2.052011   2304.0       3  0train        22           2  BNCI2014-001  CSP+LDA
5   0.976852  2.052011   2304.0       3   1test        22           2  BNCI2014-001  CSP+LDA
6   0.750000  2.040626   2304.0       4  0train        22           2  BNCI2014-001  CSP+LDA
7   0.809221  2.040626   2304.0       4   1test        22           2  BNCI2014-001  CSP+LDA
8   0.508873  2.060064   2304.0       5  0train        22           2  BNCI2014-001  CSP+LDA
9   0.620563  2.060064   2304.0       5   1test        22           2  BNCI2014-001  CSP+LDA
10  0.686921  2.078404   2304.0       6  0train        22           2  BNCI2014-001  CSP+LDA
11  0.645448  2.078404   2304.0       6   1test        22           2  BNCI2014-001  CSP+LDA
12  0.664159  2.054798   2304.0       7  0train        22           2  BNCI2014-001  CSP+LDA
13  0.689236  2.054798   2304.0       7   1test        22           2  BNCI2014-001  CSP+LDA
14  0.990741  2.038596   2304.0       8  0train        22           2  BNCI2014-001  CSP+LDA
15  0.978974  2.038596   2304.0       8   1test        22           2  BNCI2014-001  CSP+LDA
16  0.826196  2.043857   2304.0       9  0train        22           2  BNCI2014-001  CSP+LDA
17  0.788387  2.043857   2304.0       9   1test        22           2  BNCI2014-001  CSP+LDA

[2026-04-13 13:40:27] ============================================================
[2026-04-13 13:40:27] RESULTS SUMMARY
[2026-04-13 13:40:27] ============================================================
[2026-04-13 13:40:27] Mean score: 0.7719
[2026-04-13 13:40:27] Std score: 0.1625
[2026-04-13 13:40:27] Min score: 0.5089
[2026-04-13 13:40:27] Max score: 0.9907
[2026-04-13 13:40:27] ============================================================
[2026-04-13 13:40:27] PER-SUBJECT PERFORMANCE (sorted from worst to best)
[2026-04-13 13:40:27] ============================================================
[2026-04-13 13:40:27] subject
2    0.564236
5    0.564718
6    0.666184
7    0.676697
4    0.779610
9    0.807292
1    0.923515
3    0.980131
8    0.984857
Name: score, dtype: float32

[2026-04-13 13:40:27] Best performing subject: 8 (0.9849)
[2026-04-13 13:40:27] Worst performing subject: 2 (0.5642)
[2026-04-13 13:40:27] Saved plot: /Users/vadim/Documents/School/Spring 2026/CSCE A662 Advanced Data Mining/Assignments/Assignment 2/bci-inefficiency-analysis/artifacts/02_baseline_csp_lda/per_subject_accuracy_bar.png
[2026-04-13 13:40:27] Saved plot: /Users/vadim/Documents/School/Spring 2026/CSCE A662 Advanced Data Mining/Assignments/Assignment 2/bci-inefficiency-analysis/artifacts/02_baseline_csp_lda/performance_distribution_boxplot.png
[2026-04-13 13:40:27] ============================================================
[2026-04-13 13:40:27] LOW-PERFORMING SUBJECTS (candidates for improvement)
[2026-04-13 13:40:27] ============================================================
[2026-04-13 13:40:27] Bottom 3 subjects:
[2026-04-13 13:40:27]   Subject 2: 0.5642
[2026-04-13 13:40:27]   Subject 5: 0.5647
[2026-04-13 13:40:27]   Subject 6: 0.6662
[2026-04-13 13:40:27] Median score: 0.7796
[2026-04-13 13:40:27] Subjects below median: 4/9
[2026-04-13 13:40:27] These subjects are primary candidates for improvement in the next phase.
